2025-02-08 11:42:30,480 - root - INFO - Initializing logger
2025-02-08 11:42:30,480 - root - INFO - Trying to create directory ~/.cache/dnscache
2025-02-08 11:42:30,481 - root - INFO - Settings: Settings(url='https://raw.githubusercontent.com/StevenBlack/hosts/master/alternates/porn-only/hosts', debug=True, ipset='', jobs=10000, log='dnscache.log', loglevel='INFO', mappings='~/.cache/dnscache/mappings.pickle', part=100, timeout=5, output=(<Output.IPS: 'ips'>, <Output.MAPPINGS: 'mappings'>))
2025-02-08 11:42:30,481 - root - INFO - No mappings file found at ~/.cache/dnscache/mappings.pickle
2025-02-08 11:42:30,482 - root - INFO - 2 domains to resolve
2025-02-08 11:42:30,482 - root - INFO - Asyncio event loop starting with 10000 workers
2025-02-08 11:42:30,483 - root - INFO - Resolving 2 domains async
2025-02-08 11:42:30,485 - root - INFO - Resolved 0 domains
2025-02-08 11:42:30,494 - root - INFO - Resolved 2 domains
2025-02-08 11:42:30,495 - root - INFO - Asyncio event loop finished
2025-02-08 11:42:30,495 - root - INFO - Saving 2 mappings to ~/.cache/dnscache/mappings.pickle
2025-02-08 11:42:30,496 - root - CRITICAL - Unexpected error: 
Traceback (most recent call last):
  File "/home/barts/code/dnscache/.venv/bin/dnscache", line 8, in <module>
    sys.exit(__main__.main())
             ~~~~~~~~~~~~~^^
  File "/home/barts/code/dnscache/src/dnscache/__main__.py", line 47, in main
    print(mappings.print(settings.output))
          ~~~~~~~~~~~~~~^^^^^^^^^^^^^^^^^
  File "/home/barts/code/dnscache/src/dnscache/mappings.py", line 183, in print
    return "\n".join(result)
           ~~~~~~~~~^^^^^^^^
  File "/home/barts/code/dnscache/src/dnscache/mappings.py", line 181, in <genexpr>
    getattr(self, str(output_to_mapping[output])) for output in outputs
    ~~~~~~~^^^^^^^^^^^^^^^^^^^^^^^^^^^^^^^^^^^^^^
AttributeError: 'Mappings' object has no attribute '{'23.215.0.132', '23.215.0.133', '96.7.128.186', '0.0.0.0', '96.7.128.192'}'
2025-02-08 11:43:33,330 - root - INFO - Initializing logger
2025-02-08 11:43:33,330 - root - INFO - Trying to create directory ~/.cache/dnscache
2025-02-08 11:43:33,331 - root - INFO - Settings: Settings(url='https://raw.githubusercontent.com/StevenBlack/hosts/master/alternates/porn-only/hosts', debug=True, ipset='', jobs=10000, log='dnscache.log', loglevel='INFO', mappings='~/.cache/dnscache/mappings.pickle', part=100, timeout=5, output=(<Output.IPS: 'ips'>, <Output.MAPPINGS: 'mappings'>))
2025-02-08 11:43:33,331 - root - INFO - Loaded 2 mappings from ~/.cache/dnscache/mappings.pickle
2025-02-08 11:43:33,332 - root - INFO - 2 domains to resolve
2025-02-08 11:43:33,332 - root - INFO - Asyncio event loop starting with 10000 workers
2025-02-08 11:43:33,333 - root - INFO - Resolving 2 domains async
2025-02-08 11:43:33,335 - root - INFO - Resolved 0 domains
2025-02-08 11:43:33,342 - root - INFO - Resolved 2 domains
2025-02-08 11:43:33,343 - root - INFO - Asyncio event loop finished
2025-02-08 11:43:33,343 - root - INFO - Saving 2 mappings to ~/.cache/dnscache/mappings.pickle
2025-02-08 11:44:50,873 - root - INFO - Initializing logger
2025-02-08 11:44:50,873 - root - INFO - Trying to create directory ~/.cache/dnscache
2025-02-08 11:44:50,873 - root - INFO - Settings: Settings(url='https://raw.githubusercontent.com/StevenBlack/hosts/master/alternates/porn-only/hosts', debug=True, ipset='', jobs=10000, log='dnscache.log', loglevel='INFO', mappings='~/.cache/dnscache/mappings.pickle', part=100, timeout=5, output=(<Output.IPS: 'ips'>, <Output.MAPPINGS: 'mappings'>))
2025-02-08 11:44:50,874 - root - INFO - Loaded 2 mappings from ~/.cache/dnscache/mappings.pickle
2025-02-08 11:44:50,874 - root - INFO - 2 domains to resolve
2025-02-08 11:44:50,877 - root - INFO - Asyncio event loop starting with 10000 workers
2025-02-08 11:44:50,882 - root - INFO - Resolving 2 domains async
2025-02-08 11:44:50,884 - root - INFO - Resolved 0 domains
2025-02-08 11:44:50,884 - root - INFO - Resolved 2 domains
2025-02-08 11:44:50,885 - root - INFO - Asyncio event loop finished
2025-02-08 11:44:50,886 - root - INFO - Saving 2 mappings to ~/.cache/dnscache/mappings.pickle
